<?xml version="1.0" encoding="UTF-8"?>
<testng-results skipped="0" failed="0" total="2" passed="2">
  <reporter-output>
  </reporter-output>
  <suite name="Cucumber Framework" duration-ms="11933" started-at="2021-01-09T20:28:03Z" finished-at="2021-01-09T20:28:15Z">
    <groups>
      <group name="cucumber">
        <method signature="AbstractTestNGCucumberTests.feature(cucumber.api.testng.CucumberFeatureWrapper)[pri:0, instance:runners.MainRunner@148080bb]" name="feature" class="cucumber.api.testng.AbstractTestNGCucumberTests"/>
      </group> <!-- cucumber -->
    </groups>
    <test name="Cucumber Tests" duration-ms="11933" started-at="2021-01-09T20:28:03Z" finished-at="2021-01-09T20:28:15Z">
      <class name="runners.MainRunner">
        <test-method status="PASS" signature="setUpClass()[pri:0, instance:runners.MainRunner@148080bb]" name="setUpClass" is-config="true" duration-ms="236" started-at="2021-01-09T15:28:03Z" finished-at="2021-01-09T15:28:04Z">
          <reporter-output>
          </reporter-output>
        </test-method> <!-- setUpClass -->
        <test-method status="PASS" signature="feature(cucumber.api.testng.CucumberFeatureWrapper)[pri:0, instance:runners.MainRunner@148080bb]" name="feature" duration-ms="6172" started-at="2021-01-09T15:28:04Z" description="Runs Cucumber Feature" data-provider="features" finished-at="2021-01-09T15:28:10Z">
          <params>
            <param index="0">
              <value>
                <![CDATA[Submit data to webdriveruniversity.com using contact us form]]>
              </value>
            </param>
          </params>
          <reporter-output>
          </reporter-output>
        </test-method> <!-- feature -->
        <test-method status="PASS" signature="feature(cucumber.api.testng.CucumberFeatureWrapper)[pri:0, instance:runners.MainRunner@148080bb]" name="feature" duration-ms="4910" started-at="2021-01-09T15:28:10Z" description="Runs Cucumber Feature" data-provider="features" finished-at="2021-01-09T15:28:15Z">
          <params>
            <param index="0">
              <value>
                <![CDATA[Products page]]>
              </value>
            </param>
          </params>
          <reporter-output>
          </reporter-output>
        </test-method> <!-- feature -->
        <test-method status="PASS" signature="tearDownClass()[pri:0, instance:runners.MainRunner@148080bb]" name="tearDownClass" is-config="true" duration-ms="527" started-at="2021-01-09T15:28:15Z" finished-at="2021-01-09T15:28:15Z">
          <reporter-output>
          </reporter-output>
        </test-method> <!-- tearDownClass -->
      </class> <!-- runners.MainRunner -->
    </test> <!-- Cucumber Tests -->
  </suite> <!-- Cucumber Framework -->
</testng-results>
